{"/Users/TotalSlim/hacktiv/phase-3/FinalProject/ketuker/server/src/models/Product.js": {"path":"/Users/TotalSlim/hacktiv/phase-3/FinalProject/ketuker/server/src/models/Product.js","statementMap":{"0":{"start":{"line":3,"column":22},"end":{"line":35,"column":2}},"1":{"start":{"line":37,"column":16},"end":{"line":37,"column":56}}},"fnMap":{},"branchMap":{},"s":{"0":2,"1":2},"f":{},"b":{},"_coverageSchema":"1a1c01bbd47fc00a2c39e90264f33305004495a9","hash":"bbb6f9aa8d71bd1d474dec408245948729757028"}
,"/Users/TotalSlim/hacktiv/phase-3/FinalProject/ketuker/server/src/models/Transaction.js": {"path":"/Users/TotalSlim/hacktiv/phase-3/FinalProject/ketuker/server/src/models/Transaction.js","statementMap":{"0":{"start":{"line":3,"column":26},"end":{"line":24,"column":2}},"1":{"start":{"line":26,"column":20},"end":{"line":26,"column":68}}},"fnMap":{},"branchMap":{},"s":{"0":2,"1":2},"f":{},"b":{},"_coverageSchema":"1a1c01bbd47fc00a2c39e90264f33305004495a9","hash":"638268c50c3f19c220df1c046632702125cfad47"}
,"/Users/TotalSlim/hacktiv/phase-3/FinalProject/ketuker/server/src/models/User.js": {"path":"/Users/TotalSlim/hacktiv/phase-3/FinalProject/ketuker/server/src/models/User.js","statementMap":{"0":{"start":{"line":4,"column":19},"end":{"line":36,"column":2}},"1":{"start":{"line":38,"column":0},"end":{"line":43,"column":3}},"2":{"start":{"line":39,"column":21},"end":{"line":39,"column":45}},"3":{"start":{"line":40,"column":15},"end":{"line":40,"column":59}},"4":{"start":{"line":41,"column":2},"end":{"line":41,"column":23}},"5":{"start":{"line":42,"column":2},"end":{"line":42,"column":9}},"6":{"start":{"line":45,"column":13},"end":{"line":45,"column":47}}},"fnMap":{"0":{"name":"(anonymous_0)","decl":{"start":{"line":38,"column":23},"end":{"line":38,"column":24}},"loc":{"start":{"line":38,"column":45},"end":{"line":43,"column":1}},"line":38}},"branchMap":{},"s":{"0":2,"1":2,"2":2,"3":2,"4":2,"5":2,"6":2},"f":{"0":2},"b":{},"_coverageSchema":"1a1c01bbd47fc00a2c39e90264f33305004495a9","hash":"d79b92e67eb2184ee7db583d134c33b1aac6d430"}
,"/Users/TotalSlim/hacktiv/phase-3/FinalProject/ketuker/server/src/schemas/index.js": {"path":"/Users/TotalSlim/hacktiv/phase-3/FinalProject/ketuker/server/src/schemas/index.js","statementMap":{"0":{"start":{"line":13,"column":24},"end":{"line":137,"column":1}},"1":{"start":{"line":139,"column":25},"end":{"line":520,"column":1}},"2":{"start":{"line":142,"column":25},"end":{"line":142,"column":61}},"3":{"start":{"line":143,"column":6},"end":{"line":149,"column":7}},"4":{"start":{"line":144,"column":8},"end":{"line":144,"column":26}},"5":{"start":{"line":146,"column":28},"end":{"line":146,"column":45}},"6":{"start":{"line":147,"column":8},"end":{"line":147,"column":62}},"7":{"start":{"line":148,"column":8},"end":{"line":148,"column":27}},"8":{"start":{"line":152,"column":6},"end":{"line":166,"column":7}},"9":{"start":{"line":153,"column":22},"end":{"line":153,"column":58}},"10":{"start":{"line":154,"column":21},"end":{"line":154,"column":55}},"11":{"start":{"line":154,"column":42},"end":{"line":154,"column":54}},"12":{"start":{"line":155,"column":8},"end":{"line":163,"column":9}},"13":{"start":{"line":156,"column":27},"end":{"line":156,"column":31}},"14":{"start":{"line":157,"column":10},"end":{"line":157,"column":22}},"15":{"start":{"line":159,"column":29},"end":{"line":159,"column":60}},"16":{"start":{"line":160,"column":10},"end":{"line":160,"column":33}},"17":{"start":{"line":161,"column":10},"end":{"line":161,"column":58}},"18":{"start":{"line":162,"column":10},"end":{"line":162,"column":28}},"19":{"start":{"line":165,"column":8},"end":{"line":165,"column":44}},"20":{"start":{"line":170,"column":26},"end":{"line":170,"column":65}},"21":{"start":{"line":171,"column":6},"end":{"line":177,"column":7}},"22":{"start":{"line":172,"column":8},"end":{"line":172,"column":27}},"23":{"start":{"line":174,"column":31},"end":{"line":174,"column":51}},"24":{"start":{"line":175,"column":8},"end":{"line":175,"column":68}},"25":{"start":{"line":176,"column":8},"end":{"line":176,"column":30}},"26":{"start":{"line":180,"column":6},"end":{"line":200,"column":7}},"27":{"start":{"line":181,"column":25},"end":{"line":181,"column":64}},"28":{"start":{"line":182,"column":8},"end":{"line":196,"column":9}},"29":{"start":{"line":183,"column":30},"end":{"line":183,"column":67}},"30":{"start":{"line":183,"column":54},"end":{"line":183,"column":66}},"31":{"start":{"line":184,"column":10},"end":{"line":190,"column":11}},"32":{"start":{"line":184,"column":23},"end":{"line":184,"column":38}},"33":{"start":{"line":186,"column":34},"end":{"line":186,"column":68}},"34":{"start":{"line":187,"column":12},"end":{"line":187,"column":40}},"35":{"start":{"line":188,"column":12},"end":{"line":188,"column":66}},"36":{"start":{"line":189,"column":12},"end":{"line":189,"column":33}},"37":{"start":{"line":192,"column":29},"end":{"line":192,"column":49}},"38":{"start":{"line":193,"column":32},"end":{"line":193,"column":66}},"39":{"start":{"line":194,"column":10},"end":{"line":194,"column":66}},"40":{"start":{"line":195,"column":10},"end":{"line":195,"column":31}},"41":{"start":{"line":198,"column":8},"end":{"line":198,"column":27}},"42":{"start":{"line":199,"column":8},"end":{"line":199,"column":21}},"43":{"start":{"line":204,"column":6},"end":{"line":221,"column":7}},"44":{"start":{"line":205,"column":25},"end":{"line":205,"column":64}},"45":{"start":{"line":207,"column":8},"end":{"line":210,"column":9}},"46":{"start":{"line":208,"column":26},"end":{"line":208,"column":70}},"47":{"start":{"line":208,"column":50},"end":{"line":208,"column":69}},"48":{"start":{"line":209,"column":10},"end":{"line":209,"column":38}},"49":{"start":{"line":209,"column":23},"end":{"line":209,"column":38}},"50":{"start":{"line":211,"column":27},"end":{"line":211,"column":68}},"51":{"start":{"line":212,"column":8},"end":{"line":216,"column":9}},"52":{"start":{"line":213,"column":10},"end":{"line":213,"column":52}},"53":{"start":{"line":215,"column":10},"end":{"line":215,"column":45}},"54":{"start":{"line":217,"column":8},"end":{"line":217,"column":65}},"55":{"start":{"line":218,"column":8},"end":{"line":218,"column":26}},"56":{"start":{"line":220,"column":8},"end":{"line":220,"column":39}},"57":{"start":{"line":225,"column":6},"end":{"line":248,"column":7}},"58":{"start":{"line":226,"column":8},"end":{"line":245,"column":9}},"59":{"start":{"line":227,"column":27},"end":{"line":227,"column":66}},"60":{"start":{"line":228,"column":10},"end":{"line":233,"column":11}},"61":{"start":{"line":229,"column":28},"end":{"line":229,"column":82}},"62":{"start":{"line":229,"column":58},"end":{"line":229,"column":81}},"63":{"start":{"line":230,"column":12},"end":{"line":232,"column":13}},"64":{"start":{"line":231,"column":14},"end":{"line":231,"column":29}},"65":{"start":{"line":234,"column":29},"end":{"line":234,"column":71}},"66":{"start":{"line":235,"column":10},"end":{"line":235,"column":28}},"67":{"start":{"line":237,"column":30},"end":{"line":237,"column":69}},"68":{"start":{"line":238,"column":10},"end":{"line":244,"column":11}},"69":{"start":{"line":239,"column":12},"end":{"line":239,"column":31}},"70":{"start":{"line":241,"column":35},"end":{"line":241,"column":55}},"71":{"start":{"line":242,"column":12},"end":{"line":242,"column":72}},"72":{"start":{"line":243,"column":12},"end":{"line":243,"column":34}},"73":{"start":{"line":247,"column":8},"end":{"line":247,"column":21}},"74":{"start":{"line":252,"column":6},"end":{"line":258,"column":7}},"75":{"start":{"line":253,"column":28},"end":{"line":253,"column":58}},"76":{"start":{"line":254,"column":8},"end":{"line":254,"column":27}},"77":{"start":{"line":256,"column":8},"end":{"line":256,"column":27}},"78":{"start":{"line":257,"column":8},"end":{"line":257,"column":21}},"79":{"start":{"line":262,"column":6},"end":{"line":268,"column":7}},"80":{"start":{"line":263,"column":29},"end":{"line":263,"column":77}},"81":{"start":{"line":264,"column":8},"end":{"line":264,"column":28}},"82":{"start":{"line":266,"column":8},"end":{"line":266,"column":27}},"83":{"start":{"line":267,"column":8},"end":{"line":267,"column":21}},"84":{"start":{"line":272,"column":6},"end":{"line":278,"column":7}},"85":{"start":{"line":273,"column":29},"end":{"line":273,"column":75}},"86":{"start":{"line":274,"column":8},"end":{"line":274,"column":28}},"87":{"start":{"line":276,"column":8},"end":{"line":276,"column":27}},"88":{"start":{"line":277,"column":8},"end":{"line":277,"column":21}},"89":{"start":{"line":283,"column":6},"end":{"line":296,"column":7}},"90":{"start":{"line":284,"column":21},"end":{"line":284,"column":45}},"91":{"start":{"line":285,"column":21},"end":{"line":285,"column":49}},"92":{"start":{"line":287,"column":10},"end":{"line":287,"column":146}},"93":{"start":{"line":289,"column":8},"end":{"line":289,"column":42}},"94":{"start":{"line":291,"column":8},"end":{"line":293,"column":10}},"95":{"start":{"line":295,"column":8},"end":{"line":295,"column":27}},"96":{"start":{"line":300,"column":27},"end":{"line":300,"column":51}},"97":{"start":{"line":301,"column":18},"end":{"line":301,"column":19}},"98":{"start":{"line":302,"column":6},"end":{"line":307,"column":9}},"99":{"start":{"line":303,"column":18},"end":{"line":303,"column":35}},"100":{"start":{"line":304,"column":21},"end":{"line":304,"column":49}},"101":{"start":{"line":305,"column":8},"end":{"line":305,"column":32}},"102":{"start":{"line":306,"column":8},"end":{"line":306,"column":41}},"103":{"start":{"line":308,"column":17},"end":{"line":311,"column":7}},"104":{"start":{"line":312,"column":6},"end":{"line":312,"column":18}},"105":{"start":{"line":317,"column":22},"end":{"line":317,"column":37}},"106":{"start":{"line":318,"column":20},"end":{"line":318,"column":42}},"107":{"start":{"line":319,"column":6},"end":{"line":336,"column":7}},"108":{"start":{"line":320,"column":8},"end":{"line":324,"column":9}},"109":{"start":{"line":321,"column":10},"end":{"line":321,"column":68}},"110":{"start":{"line":323,"column":10},"end":{"line":323,"column":65}},"111":{"start":{"line":326,"column":20},"end":{"line":326,"column":40}},"112":{"start":{"line":327,"column":22},"end":{"line":327,"column":75}},"113":{"start":{"line":328,"column":22},"end":{"line":328,"column":58}},"114":{"start":{"line":329,"column":8},"end":{"line":334,"column":9}},"115":{"start":{"line":330,"column":10},"end":{"line":330,"column":30}},"116":{"start":{"line":331,"column":10},"end":{"line":331,"column":58}},"117":{"start":{"line":333,"column":10},"end":{"line":333,"column":60}},"118":{"start":{"line":335,"column":8},"end":{"line":335,"column":52}},"119":{"start":{"line":339,"column":34},"end":{"line":339,"column":39}},"120":{"start":{"line":340,"column":22},"end":{"line":340,"column":51}},"121":{"start":{"line":341,"column":6},"end":{"line":362,"column":7}},"122":{"start":{"line":342,"column":24},"end":{"line":342,"column":72}},"123":{"start":{"line":343,"column":8},"end":{"line":359,"column":9}},"124":{"start":{"line":344,"column":10},"end":{"line":344,"column":58}},"125":{"start":{"line":347,"column":24},"end":{"line":347,"column":77}},"126":{"start":{"line":348,"column":67},"end":{"line":348,"column":74}},"127":{"start":{"line":349,"column":10},"end":{"line":358,"column":12}},"128":{"start":{"line":361,"column":8},"end":{"line":361,"column":56}},"129":{"start":{"line":374,"column":79},"end":{"line":374,"column":84}},"130":{"start":{"line":375,"column":23},"end":{"line":375,"column":42}},"131":{"start":{"line":376,"column":19},"end":{"line":376,"column":59}},"132":{"start":{"line":377,"column":6},"end":{"line":377,"column":55}},"133":{"start":{"line":377,"column":17},"end":{"line":377,"column":55}},"134":{"start":{"line":378,"column":25},"end":{"line":386,"column":8}},"135":{"start":{"line":387,"column":6},"end":{"line":387,"column":35}},"136":{"start":{"line":388,"column":27},"end":{"line":388,"column":50}},"137":{"start":{"line":389,"column":26},"end":{"line":389,"column":65}},"138":{"start":{"line":391,"column":6},"end":{"line":397,"column":7}},"139":{"start":{"line":392,"column":8},"end":{"line":392,"column":39}},"140":{"start":{"line":393,"column":8},"end":{"line":393,"column":65}},"141":{"start":{"line":395,"column":31},"end":{"line":395,"column":51}},"142":{"start":{"line":396,"column":8},"end":{"line":396,"column":68}},"143":{"start":{"line":398,"column":6},"end":{"line":398,"column":24}},"144":{"start":{"line":409,"column":79},"end":{"line":409,"column":84}},"145":{"start":{"line":411,"column":23},"end":{"line":411,"column":42}},"146":{"start":{"line":412,"column":19},"end":{"line":412,"column":59}},"147":{"start":{"line":413,"column":6},"end":{"line":413,"column":55}},"148":{"start":{"line":413,"column":17},"end":{"line":413,"column":55}},"149":{"start":{"line":414,"column":6},"end":{"line":414,"column":96}},"150":{"start":{"line":414,"column":53},"end":{"line":414,"column":96}},"151":{"start":{"line":415,"column":28},"end":{"line":415,"column":62}},"152":{"start":{"line":416,"column":6},"end":{"line":416,"column":34}},"153":{"start":{"line":417,"column":6},"end":{"line":417,"column":46}},"154":{"start":{"line":418,"column":6},"end":{"line":418,"column":34}},"155":{"start":{"line":419,"column":6},"end":{"line":419,"column":40}},"156":{"start":{"line":420,"column":6},"end":{"line":420,"column":40}},"157":{"start":{"line":421,"column":6},"end":{"line":421,"column":34}},"158":{"start":{"line":422,"column":6},"end":{"line":422,"column":36}},"159":{"start":{"line":424,"column":6},"end":{"line":424,"column":33}},"160":{"start":{"line":425,"column":23},"end":{"line":425,"column":62}},"161":{"start":{"line":426,"column":26},"end":{"line":426,"column":63}},"162":{"start":{"line":426,"column":50},"end":{"line":426,"column":62}},"163":{"start":{"line":427,"column":6},"end":{"line":433,"column":7}},"164":{"start":{"line":428,"column":8},"end":{"line":428,"column":40}},"165":{"start":{"line":429,"column":8},"end":{"line":429,"column":65}},"166":{"start":{"line":431,"column":28},"end":{"line":431,"column":48}},"167":{"start":{"line":432,"column":8},"end":{"line":432,"column":65}},"168":{"start":{"line":434,"column":6},"end":{"line":436,"column":8}},"169":{"start":{"line":447,"column":23},"end":{"line":447,"column":42}},"170":{"start":{"line":448,"column":19},"end":{"line":448,"column":59}},"171":{"start":{"line":449,"column":6},"end":{"line":449,"column":55}},"172":{"start":{"line":449,"column":17},"end":{"line":449,"column":55}},"173":{"start":{"line":450,"column":6},"end":{"line":450,"column":53}},"174":{"start":{"line":452,"column":6},"end":{"line":452,"column":43}},"175":{"start":{"line":454,"column":23},"end":{"line":454,"column":62}},"176":{"start":{"line":455,"column":26},"end":{"line":455,"column":63}},"177":{"start":{"line":455,"column":50},"end":{"line":455,"column":62}},"178":{"start":{"line":456,"column":6},"end":{"line":461,"column":7}},"179":{"start":{"line":457,"column":8},"end":{"line":457,"column":65}},"180":{"start":{"line":459,"column":31},"end":{"line":459,"column":51}},"181":{"start":{"line":460,"column":8},"end":{"line":460,"column":68}},"182":{"start":{"line":462,"column":6},"end":{"line":464,"column":8}},"183":{"start":{"line":476,"column":6},"end":{"line":492,"column":7}},"184":{"start":{"line":477,"column":25},"end":{"line":477,"column":44}},"185":{"start":{"line":478,"column":21},"end":{"line":478,"column":61}},"186":{"start":{"line":479,"column":63},"end":{"line":479,"column":68}},"187":{"start":{"line":480,"column":8},"end":{"line":480,"column":57}},"188":{"start":{"line":480,"column":19},"end":{"line":480,"column":57}},"189":{"start":{"line":481,"column":28},"end":{"line":486,"column":10}},"190":{"start":{"line":487,"column":25},"end":{"line":487,"column":49}},"191":{"start":{"line":488,"column":8},"end":{"line":488,"column":24}},"192":{"start":{"line":490,"column":8},"end":{"line":490,"column":27}},"193":{"start":{"line":491,"column":8},"end":{"line":491,"column":21}},"194":{"start":{"line":501,"column":23},"end":{"line":501,"column":42}},"195":{"start":{"line":502,"column":19},"end":{"line":502,"column":59}},"196":{"start":{"line":503,"column":6},"end":{"line":503,"column":55}},"197":{"start":{"line":503,"column":17},"end":{"line":503,"column":55}},"198":{"start":{"line":504,"column":32},"end":{"line":504,"column":98}},"199":{"start":{"line":505,"column":6},"end":{"line":505,"column":37}},"200":{"start":{"line":507,"column":6},"end":{"line":507,"column":31}},"201":{"start":{"line":511,"column":23},"end":{"line":511,"column":42}},"202":{"start":{"line":512,"column":19},"end":{"line":512,"column":59}},"203":{"start":{"line":513,"column":6},"end":{"line":513,"column":55}},"204":{"start":{"line":513,"column":17},"end":{"line":513,"column":55}},"205":{"start":{"line":514,"column":6},"end":{"line":514,"column":46}},"206":{"start":{"line":515,"column":6},"end":{"line":517,"column":8}}},"fnMap":{"0":{"name":"(anonymous_0)","decl":{"start":{"line":141,"column":14},"end":{"line":141,"column":15}},"loc":{"start":{"line":141,"column":26},"end":{"line":150,"column":5}},"line":141},"1":{"name":"(anonymous_1)","decl":{"start":{"line":151,"column":13},"end":{"line":151,"column":14}},"loc":{"start":{"line":151,"column":34},"end":{"line":167,"column":5}},"line":151},"2":{"name":"(anonymous_2)","decl":{"start":{"line":154,"column":34},"end":{"line":154,"column":35}},"loc":{"start":{"line":154,"column":42},"end":{"line":154,"column":54}},"line":154},"3":{"name":"(anonymous_3)","decl":{"start":{"line":169,"column":17},"end":{"line":169,"column":18}},"loc":{"start":{"line":169,"column":29},"end":{"line":178,"column":5}},"line":169},"4":{"name":"(anonymous_4)","decl":{"start":{"line":179,"column":16},"end":{"line":179,"column":17}},"loc":{"start":{"line":179,"column":37},"end":{"line":201,"column":5}},"line":179},"5":{"name":"(anonymous_5)","decl":{"start":{"line":183,"column":46},"end":{"line":183,"column":47}},"loc":{"start":{"line":183,"column":54},"end":{"line":183,"column":66}},"line":183},"6":{"name":"(anonymous_6)","decl":{"start":{"line":203,"column":19},"end":{"line":203,"column":20}},"loc":{"start":{"line":203,"column":44},"end":{"line":222,"column":5}},"line":203},"7":{"name":"(anonymous_7)","decl":{"start":{"line":208,"column":42},"end":{"line":208,"column":43}},"loc":{"start":{"line":208,"column":50},"end":{"line":208,"column":69}},"line":208},"8":{"name":"(anonymous_8)","decl":{"start":{"line":224,"column":23},"end":{"line":224,"column":24}},"loc":{"start":{"line":224,"column":50},"end":{"line":249,"column":5}},"line":224},"9":{"name":"(anonymous_9)","decl":{"start":{"line":229,"column":50},"end":{"line":229,"column":51}},"loc":{"start":{"line":229,"column":58},"end":{"line":229,"column":81}},"line":229},"10":{"name":"(anonymous_10)","decl":{"start":{"line":251,"column":21},"end":{"line":251,"column":22}},"loc":{"start":{"line":251,"column":42},"end":{"line":259,"column":5}},"line":251},"11":{"name":"(anonymous_11)","decl":{"start":{"line":261,"column":27},"end":{"line":261,"column":28}},"loc":{"start":{"line":261,"column":52},"end":{"line":269,"column":5}},"line":261},"12":{"name":"(anonymous_12)","decl":{"start":{"line":271,"column":25},"end":{"line":271,"column":26}},"loc":{"start":{"line":271,"column":50},"end":{"line":279,"column":5}},"line":271},"13":{"name":"(anonymous_13)","decl":{"start":{"line":281,"column":16},"end":{"line":281,"column":17}},"loc":{"start":{"line":281,"column":28},"end":{"line":297,"column":5}},"line":281},"14":{"name":"(anonymous_14)","decl":{"start":{"line":299,"column":14},"end":{"line":299,"column":15}},"loc":{"start":{"line":299,"column":37},"end":{"line":313,"column":5}},"line":299},"15":{"name":"(anonymous_15)","decl":{"start":{"line":302,"column":27},"end":{"line":302,"column":28}},"loc":{"start":{"line":302,"column":33},"end":{"line":307,"column":7}},"line":302},"16":{"name":"(anonymous_16)","decl":{"start":{"line":316,"column":14},"end":{"line":316,"column":15}},"loc":{"start":{"line":316,"column":38},"end":{"line":337,"column":5}},"line":316},"17":{"name":"(anonymous_17)","decl":{"start":{"line":338,"column":11},"end":{"line":338,"column":12}},"loc":{"start":{"line":338,"column":35},"end":{"line":363,"column":5}},"line":338},"18":{"name":"(anonymous_18)","decl":{"start":{"line":365,"column":16},"end":{"line":365,"column":17}},"loc":{"start":{"line":373,"column":9},"end":{"line":399,"column":5}},"line":373},"19":{"name":"(anonymous_19)","decl":{"start":{"line":400,"column":19},"end":{"line":400,"column":20}},"loc":{"start":{"line":408,"column":9},"end":{"line":437,"column":5}},"line":408},"20":{"name":"(anonymous_20)","decl":{"start":{"line":426,"column":42},"end":{"line":426,"column":43}},"loc":{"start":{"line":426,"column":50},"end":{"line":426,"column":62}},"line":426},"21":{"name":"(anonymous_21)","decl":{"start":{"line":438,"column":19},"end":{"line":438,"column":20}},"loc":{"start":{"line":446,"column":9},"end":{"line":465,"column":5}},"line":446},"22":{"name":"(anonymous_22)","decl":{"start":{"line":455,"column":42},"end":{"line":455,"column":43}},"loc":{"start":{"line":455,"column":50},"end":{"line":455,"column":62}},"line":455},"23":{"name":"(anonymous_23)","decl":{"start":{"line":467,"column":20},"end":{"line":467,"column":21}},"loc":{"start":{"line":475,"column":9},"end":{"line":493,"column":5}},"line":475},"24":{"name":"(anonymous_24)","decl":{"start":{"line":494,"column":23},"end":{"line":494,"column":24}},"loc":{"start":{"line":500,"column":9},"end":{"line":508,"column":5}},"line":500},"25":{"name":"(anonymous_25)","decl":{"start":{"line":510,"column":23},"end":{"line":510,"column":24}},"loc":{"start":{"line":510,"column":78},"end":{"line":518,"column":5}},"line":510}},"branchMap":{"0":{"loc":{"start":{"line":143,"column":6},"end":{"line":149,"column":7}},"type":"if","locations":[{"start":{"line":143,"column":6},"end":{"line":149,"column":7}},{"start":{"line":143,"column":6},"end":{"line":149,"column":7}}],"line":143},"1":{"loc":{"start":{"line":155,"column":8},"end":{"line":163,"column":9}},"type":"if","locations":[{"start":{"line":155,"column":8},"end":{"line":163,"column":9}},{"start":{"line":155,"column":8},"end":{"line":163,"column":9}}],"line":155},"2":{"loc":{"start":{"line":171,"column":6},"end":{"line":177,"column":7}},"type":"if","locations":[{"start":{"line":171,"column":6},"end":{"line":177,"column":7}},{"start":{"line":171,"column":6},"end":{"line":177,"column":7}}],"line":171},"3":{"loc":{"start":{"line":182,"column":8},"end":{"line":196,"column":9}},"type":"if","locations":[{"start":{"line":182,"column":8},"end":{"line":196,"column":9}},{"start":{"line":182,"column":8},"end":{"line":196,"column":9}}],"line":182},"4":{"loc":{"start":{"line":184,"column":10},"end":{"line":190,"column":11}},"type":"if","locations":[{"start":{"line":184,"column":10},"end":{"line":190,"column":11}},{"start":{"line":184,"column":10},"end":{"line":190,"column":11}}],"line":184},"5":{"loc":{"start":{"line":207,"column":8},"end":{"line":210,"column":9}},"type":"if","locations":[{"start":{"line":207,"column":8},"end":{"line":210,"column":9}},{"start":{"line":207,"column":8},"end":{"line":210,"column":9}}],"line":207},"6":{"loc":{"start":{"line":209,"column":10},"end":{"line":209,"column":38}},"type":"if","locations":[{"start":{"line":209,"column":10},"end":{"line":209,"column":38}},{"start":{"line":209,"column":10},"end":{"line":209,"column":38}}],"line":209},"7":{"loc":{"start":{"line":212,"column":8},"end":{"line":216,"column":9}},"type":"if","locations":[{"start":{"line":212,"column":8},"end":{"line":216,"column":9}},{"start":{"line":212,"column":8},"end":{"line":216,"column":9}}],"line":212},"8":{"loc":{"start":{"line":226,"column":8},"end":{"line":245,"column":9}},"type":"if","locations":[{"start":{"line":226,"column":8},"end":{"line":245,"column":9}},{"start":{"line":226,"column":8},"end":{"line":245,"column":9}}],"line":226},"9":{"loc":{"start":{"line":228,"column":10},"end":{"line":233,"column":11}},"type":"if","locations":[{"start":{"line":228,"column":10},"end":{"line":233,"column":11}},{"start":{"line":228,"column":10},"end":{"line":233,"column":11}}],"line":228},"10":{"loc":{"start":{"line":230,"column":12},"end":{"line":232,"column":13}},"type":"if","locations":[{"start":{"line":230,"column":12},"end":{"line":232,"column":13}},{"start":{"line":230,"column":12},"end":{"line":232,"column":13}}],"line":230},"11":{"loc":{"start":{"line":238,"column":10},"end":{"line":244,"column":11}},"type":"if","locations":[{"start":{"line":238,"column":10},"end":{"line":244,"column":11}},{"start":{"line":238,"column":10},"end":{"line":244,"column":11}}],"line":238},"12":{"loc":{"start":{"line":319,"column":6},"end":{"line":336,"column":7}},"type":"if","locations":[{"start":{"line":319,"column":6},"end":{"line":336,"column":7}},{"start":{"line":319,"column":6},"end":{"line":336,"column":7}}],"line":319},"13":{"loc":{"start":{"line":320,"column":8},"end":{"line":324,"column":9}},"type":"if","locations":[{"start":{"line":320,"column":8},"end":{"line":324,"column":9}},{"start":{"line":320,"column":8},"end":{"line":324,"column":9}}],"line":320},"14":{"loc":{"start":{"line":329,"column":8},"end":{"line":334,"column":9}},"type":"if","locations":[{"start":{"line":329,"column":8},"end":{"line":334,"column":9}},{"start":{"line":329,"column":8},"end":{"line":334,"column":9}}],"line":329},"15":{"loc":{"start":{"line":341,"column":6},"end":{"line":362,"column":7}},"type":"if","locations":[{"start":{"line":341,"column":6},"end":{"line":362,"column":7}},{"start":{"line":341,"column":6},"end":{"line":362,"column":7}}],"line":341},"16":{"loc":{"start":{"line":343,"column":8},"end":{"line":359,"column":9}},"type":"if","locations":[{"start":{"line":343,"column":8},"end":{"line":359,"column":9}},{"start":{"line":343,"column":8},"end":{"line":359,"column":9}}],"line":343},"17":{"loc":{"start":{"line":377,"column":6},"end":{"line":377,"column":55}},"type":"if","locations":[{"start":{"line":377,"column":6},"end":{"line":377,"column":55}},{"start":{"line":377,"column":6},"end":{"line":377,"column":55}}],"line":377},"18":{"loc":{"start":{"line":391,"column":6},"end":{"line":397,"column":7}},"type":"if","locations":[{"start":{"line":391,"column":6},"end":{"line":397,"column":7}},{"start":{"line":391,"column":6},"end":{"line":397,"column":7}}],"line":391},"19":{"loc":{"start":{"line":413,"column":6},"end":{"line":413,"column":55}},"type":"if","locations":[{"start":{"line":413,"column":6},"end":{"line":413,"column":55}},{"start":{"line":413,"column":6},"end":{"line":413,"column":55}}],"line":413},"20":{"loc":{"start":{"line":414,"column":6},"end":{"line":414,"column":96}},"type":"if","locations":[{"start":{"line":414,"column":6},"end":{"line":414,"column":96}},{"start":{"line":414,"column":6},"end":{"line":414,"column":96}}],"line":414},"21":{"loc":{"start":{"line":427,"column":6},"end":{"line":433,"column":7}},"type":"if","locations":[{"start":{"line":427,"column":6},"end":{"line":433,"column":7}},{"start":{"line":427,"column":6},"end":{"line":433,"column":7}}],"line":427},"22":{"loc":{"start":{"line":449,"column":6},"end":{"line":449,"column":55}},"type":"if","locations":[{"start":{"line":449,"column":6},"end":{"line":449,"column":55}},{"start":{"line":449,"column":6},"end":{"line":449,"column":55}}],"line":449},"23":{"loc":{"start":{"line":450,"column":6},"end":{"line":450,"column":53}},"type":"if","locations":[{"start":{"line":450,"column":6},"end":{"line":450,"column":53}},{"start":{"line":450,"column":6},"end":{"line":450,"column":53}}],"line":450},"24":{"loc":{"start":{"line":456,"column":6},"end":{"line":461,"column":7}},"type":"if","locations":[{"start":{"line":456,"column":6},"end":{"line":461,"column":7}},{"start":{"line":456,"column":6},"end":{"line":461,"column":7}}],"line":456},"25":{"loc":{"start":{"line":480,"column":8},"end":{"line":480,"column":57}},"type":"if","locations":[{"start":{"line":480,"column":8},"end":{"line":480,"column":57}},{"start":{"line":480,"column":8},"end":{"line":480,"column":57}}],"line":480},"26":{"loc":{"start":{"line":503,"column":6},"end":{"line":503,"column":55}},"type":"if","locations":[{"start":{"line":503,"column":6},"end":{"line":503,"column":55}},{"start":{"line":503,"column":6},"end":{"line":503,"column":55}}],"line":503},"27":{"loc":{"start":{"line":513,"column":6},"end":{"line":513,"column":55}},"type":"if","locations":[{"start":{"line":513,"column":6},"end":{"line":513,"column":55}},{"start":{"line":513,"column":6},"end":{"line":513,"column":55}}],"line":513}},"s":{"0":2,"1":2,"2":1,"3":1,"4":1,"5":0,"6":0,"7":0,"8":2,"9":2,"10":2,"11":110,"12":2,"13":1,"14":1,"15":1,"16":0,"17":0,"18":0,"19":1,"20":1,"21":1,"22":1,"23":0,"24":0,"25":0,"26":1,"27":1,"28":1,"29":1,"30":23,"31":1,"32":1,"33":0,"34":0,"35":0,"36":0,"37":0,"38":0,"39":0,"40":0,"41":0,"42":0,"43":1,"44":1,"45":1,"46":1,"47":23,"48":1,"49":1,"50":0,"51":0,"52":0,"53":0,"54":0,"55":0,"56":0,"57":1,"58":1,"59":1,"60":1,"61":1,"62":23,"63":1,"64":1,"65":0,"66":0,"67":0,"68":0,"69":0,"70":0,"71":0,"72":0,"73":0,"74":1,"75":1,"76":1,"77":0,"78":0,"79":1,"80":1,"81":1,"82":0,"83":0,"84":1,"85":1,"86":1,"87":0,"88":0,"89":0,"90":0,"91":0,"92":0,"93":0,"94":0,"95":0,"96":0,"97":0,"98":0,"99":0,"100":0,"101":0,"102":0,"103":0,"104":0,"105":2,"106":2,"107":2,"108":0,"109":0,"110":0,"111":2,"112":2,"113":2,"114":2,"115":2,"116":2,"117":0,"118":2,"119":3,"120":3,"121":3,"122":2,"123":2,"124":1,"125":1,"126":1,"127":1,"128":1,"129":2,"130":2,"131":1,"132":1,"133":0,"134":1,"135":1,"136":1,"137":1,"138":1,"139":1,"140":1,"141":0,"142":0,"143":1,"144":2,"145":2,"146":1,"147":1,"148":0,"149":1,"150":0,"151":1,"152":1,"153":1,"154":1,"155":1,"156":1,"157":1,"158":1,"159":1,"160":1,"161":1,"162":23,"163":1,"164":1,"165":1,"166":0,"167":0,"168":1,"169":2,"170":1,"171":1,"172":0,"173":1,"174":1,"175":1,"176":1,"177":23,"178":1,"179":1,"180":0,"181":0,"182":1,"183":1,"184":1,"185":1,"186":1,"187":1,"188":0,"189":1,"190":1,"191":1,"192":0,"193":0,"194":1,"195":1,"196":1,"197":0,"198":1,"199":1,"200":1,"201":1,"202":1,"203":1,"204":0,"205":1,"206":1},"f":{"0":1,"1":2,"2":110,"3":1,"4":1,"5":23,"6":1,"7":23,"8":1,"9":23,"10":1,"11":1,"12":1,"13":0,"14":0,"15":0,"16":2,"17":3,"18":2,"19":2,"20":23,"21":2,"22":23,"23":1,"24":1,"25":1},"b":{"0":[1,0],"1":[1,1],"2":[1,0],"3":[1,0],"4":[1,0],"5":[1,0],"6":[1,0],"7":[0,0],"8":[1,0],"9":[1,0],"10":[1,0],"11":[0,0],"12":[0,2],"13":[0,0],"14":[2,0],"15":[2,1],"16":[1,1],"17":[0,1],"18":[1,0],"19":[0,1],"20":[0,1],"21":[1,0],"22":[0,1],"23":[0,1],"24":[1,0],"25":[0,1],"26":[0,1],"27":[0,1]},"_coverageSchema":"1a1c01bbd47fc00a2c39e90264f33305004495a9","hash":"a1e533bdae4d235e2605c4276d512f9d1bb75f09"}
,"/Users/TotalSlim/hacktiv/phase-3/FinalProject/ketuker/server/src/utilities/authenticagtion.js": {"path":"/Users/TotalSlim/hacktiv/phase-3/FinalProject/ketuker/server/src/utilities/authenticagtion.js","statementMap":{"0":{"start":{"line":4,"column":22},"end":{"line":13,"column":1}},"1":{"start":{"line":5,"column":2},"end":{"line":5,"column":51}},"2":{"start":{"line":5,"column":13},"end":{"line":5,"column":51}},"3":{"start":{"line":6,"column":16},"end":{"line":6,"column":20}},"4":{"start":{"line":8,"column":15},"end":{"line":11,"column":4}},"5":{"start":{"line":9,"column":4},"end":{"line":9,"column":47}},"6":{"start":{"line":9,"column":13},"end":{"line":9,"column":47}},"7":{"start":{"line":10,"column":4},"end":{"line":10,"column":19}},"8":{"start":{"line":12,"column":2},"end":{"line":12,"column":14}},"9":{"start":{"line":15,"column":22},"end":{"line":21,"column":1}},"10":{"start":{"line":16,"column":2},"end":{"line":16,"column":53}},"11":{"start":{"line":16,"column":15},"end":{"line":16,"column":53}},"12":{"start":{"line":17,"column":2},"end":{"line":17,"column":53}},"13":{"start":{"line":17,"column":15},"end":{"line":17,"column":53}},"14":{"start":{"line":18,"column":18},"end":{"line":18,"column":48}},"15":{"start":{"line":19,"column":2},"end":{"line":19,"column":75}},"16":{"start":{"line":19,"column":32},"end":{"line":19,"column":75}},"17":{"start":{"line":20,"column":2},"end":{"line":20,"column":14}}},"fnMap":{"0":{"name":"(anonymous_0)","decl":{"start":{"line":4,"column":22},"end":{"line":4,"column":23}},"loc":{"start":{"line":4,"column":36},"end":{"line":13,"column":1}},"line":4},"1":{"name":"(anonymous_1)","decl":{"start":{"line":8,"column":63},"end":{"line":8,"column":64}},"loc":{"start":{"line":8,"column":81},"end":{"line":11,"column":3}},"line":8},"2":{"name":"(anonymous_2)","decl":{"start":{"line":15,"column":22},"end":{"line":15,"column":23}},"loc":{"start":{"line":15,"column":52},"end":{"line":21,"column":1}},"line":15}},"branchMap":{"0":{"loc":{"start":{"line":5,"column":2},"end":{"line":5,"column":51}},"type":"if","locations":[{"start":{"line":5,"column":2},"end":{"line":5,"column":51}},{"start":{"line":5,"column":2},"end":{"line":5,"column":51}}],"line":5},"1":{"loc":{"start":{"line":9,"column":4},"end":{"line":9,"column":47}},"type":"if","locations":[{"start":{"line":9,"column":4},"end":{"line":9,"column":47}},{"start":{"line":9,"column":4},"end":{"line":9,"column":47}}],"line":9},"2":{"loc":{"start":{"line":16,"column":2},"end":{"line":16,"column":53}},"type":"if","locations":[{"start":{"line":16,"column":2},"end":{"line":16,"column":53}},{"start":{"line":16,"column":2},"end":{"line":16,"column":53}}],"line":16},"3":{"loc":{"start":{"line":17,"column":2},"end":{"line":17,"column":53}},"type":"if","locations":[{"start":{"line":17,"column":2},"end":{"line":17,"column":53}},{"start":{"line":17,"column":2},"end":{"line":17,"column":53}}],"line":17},"4":{"loc":{"start":{"line":19,"column":2},"end":{"line":19,"column":75}},"type":"if","locations":[{"start":{"line":19,"column":2},"end":{"line":19,"column":75}},{"start":{"line":19,"column":2},"end":{"line":19,"column":75}}],"line":19}},"s":{"0":2,"1":9,"2":1,"3":8,"4":8,"5":8,"6":2,"7":6,"8":6,"9":2,"10":2,"11":0,"12":2,"13":0,"14":2,"15":2,"16":0,"17":2},"f":{"0":9,"1":8,"2":2},"b":{"0":[1,8],"1":[2,6],"2":[0,2],"3":[0,2],"4":[0,2]},"_coverageSchema":"1a1c01bbd47fc00a2c39e90264f33305004495a9","hash":"447696925b05aab2ae16bb0e29c2098e46418697"}
,"/Users/TotalSlim/hacktiv/phase-3/FinalProject/ketuker/server/src/utilities/nodemailer.js": {"path":"/Users/TotalSlim/hacktiv/phase-3/FinalProject/ketuker/server/src/utilities/nodemailer.js","statementMap":{"0":{"start":{"line":3,"column":18},"end":{"line":26,"column":1}},"1":{"start":{"line":4,"column":24},"end":{"line":15,"column":4}},"2":{"start":{"line":17,"column":20},"end":{"line":22,"column":3}},"3":{"start":{"line":24,"column":20},"end":{"line":24,"column":63}},"4":{"start":{"line":25,"column":2},"end":{"line":25,"column":25}}},"fnMap":{"0":{"name":"(anonymous_0)","decl":{"start":{"line":3,"column":18},"end":{"line":3,"column":19}},"loc":{"start":{"line":3,"column":45},"end":{"line":26,"column":1}},"line":3}},"branchMap":{},"s":{"0":2,"1":0,"2":0,"3":0,"4":0},"f":{"0":0},"b":{},"_coverageSchema":"1a1c01bbd47fc00a2c39e90264f33305004495a9","hash":"f474b6d4d4c7cd2eca1bf0b1e352e4422d9d52a4"}
,"/Users/TotalSlim/hacktiv/phase-3/FinalProject/ketuker/server/src/utilities/redis.js": {"path":"/Users/TotalSlim/hacktiv/phase-3/FinalProject/ketuker/server/src/utilities/redis.js","statementMap":{"0":{"start":{"line":3,"column":14},"end":{"line":3,"column":25}}},"fnMap":{},"branchMap":{},"s":{"0":2},"f":{},"b":{},"_coverageSchema":"1a1c01bbd47fc00a2c39e90264f33305004495a9","hash":"a2dadd46c34879651086c21f50d4ad974e86005e"}
,"/Users/TotalSlim/hacktiv/phase-3/FinalProject/ketuker/server/src/utilities/scraping.js": {"path":"/Users/TotalSlim/hacktiv/phase-3/FinalProject/ketuker/server/src/utilities/scraping.js","statementMap":{"0":{"start":{"line":1,"column":18},"end":{"line":1,"column":38}},"1":{"start":{"line":3,"column":22},"end":{"line":3,"column":49}},"2":{"start":{"line":4,"column":18},"end":{"line":4,"column":61}},"3":{"start":{"line":5,"column":15},"end":{"line":5,"column":38}},"4":{"start":{"line":7,"column":2},"end":{"line":7,"column":44}},"5":{"start":{"line":9,"column":2},"end":{"line":9,"column":55}},"6":{"start":{"line":10,"column":2},"end":{"line":12,"column":5}},"7":{"start":{"line":15,"column":23},"end":{"line":33,"column":4}},"8":{"start":{"line":16,"column":16},"end":{"line":18,"column":5}},"9":{"start":{"line":20,"column":25},"end":{"line":20,"column":27}},"10":{"start":{"line":21,"column":4},"end":{"line":30,"column":7}},"11":{"start":{"line":22,"column":24},"end":{"line":22,"column":73}},"12":{"start":{"line":23,"column":24},"end":{"line":23,"column":73}},"13":{"start":{"line":24,"column":6},"end":{"line":29,"column":7}},"14":{"start":{"line":25,"column":8},"end":{"line":28,"column":11}},"15":{"start":{"line":32,"column":4},"end":{"line":32,"column":24}},"16":{"start":{"line":36,"column":2},"end":{"line":36,"column":18}},"17":{"start":{"line":37,"column":2},"end":{"line":37,"column":22}}},"fnMap":{"0":{"name":"getTokoPedia","decl":{"start":{"line":2,"column":15},"end":{"line":2,"column":27}},"loc":{"start":{"line":2,"column":34},"end":{"line":38,"column":1}},"line":2},"1":{"name":"(anonymous_1)","decl":{"start":{"line":15,"column":43},"end":{"line":15,"column":44}},"loc":{"start":{"line":15,"column":49},"end":{"line":33,"column":3}},"line":15},"2":{"name":"(anonymous_2)","decl":{"start":{"line":21,"column":16},"end":{"line":21,"column":17}},"loc":{"start":{"line":21,"column":29},"end":{"line":30,"column":5}},"line":21}},"branchMap":{"0":{"loc":{"start":{"line":24,"column":6},"end":{"line":29,"column":7}},"type":"if","locations":[{"start":{"line":24,"column":6},"end":{"line":29,"column":7}},{"start":{"line":24,"column":6},"end":{"line":29,"column":7}}],"line":24},"1":{"loc":{"start":{"line":24,"column":10},"end":{"line":24,"column":48}},"type":"binary-expr","locations":[{"start":{"line":24,"column":10},"end":{"line":24,"column":27}},{"start":{"line":24,"column":31},"end":{"line":24,"column":48}}],"line":24}},"s":{"0":2,"1":0,"2":0,"3":0,"4":0,"5":0,"6":0,"7":0,"8":0,"9":0,"10":0,"11":0,"12":0,"13":0,"14":0,"15":0,"16":0,"17":0},"f":{"0":0,"1":0,"2":0},"b":{"0":[0,0],"1":[0,0]},"_coverageSchema":"1a1c01bbd47fc00a2c39e90264f33305004495a9","hash":"4edfe0cdbb7fe9192f0a41902c4c3d90377150e4"}
,"/Users/TotalSlim/hacktiv/phase-3/FinalProject/ketuker/server/tests/helper/helper.js": {"path":"/Users/TotalSlim/hacktiv/phase-3/FinalProject/ketuker/server/tests/helper/helper.js","statementMap":{"0":{"start":{"line":5,"column":15},"end":{"line":10,"column":1}},"1":{"start":{"line":13,"column":2},"end":{"line":44,"column":5}},"2":{"start":{"line":14,"column":4},"end":{"line":16,"column":5}},"3":{"start":{"line":15,"column":6},"end":{"line":15,"column":23}},"4":{"start":{"line":18,"column":21},"end":{"line":18,"column":61}},"5":{"start":{"line":20,"column":4},"end":{"line":20,"column":31}},"6":{"start":{"line":22,"column":20},"end":{"line":26,"column":5}},"7":{"start":{"line":28,"column":4},"end":{"line":28,"column":40}},"8":{"start":{"line":30,"column":4},"end":{"line":30,"column":44}},"9":{"start":{"line":32,"column":4},"end":{"line":43,"column":9}},"10":{"start":{"line":35,"column":8},"end":{"line":39,"column":9}},"11":{"start":{"line":36,"column":10},"end":{"line":36,"column":25}},"12":{"start":{"line":38,"column":10},"end":{"line":38,"column":46}},"13":{"start":{"line":41,"column":8},"end":{"line":41,"column":23}},"14":{"start":{"line":42,"column":8},"end":{"line":42,"column":18}},"15":{"start":{"line":48,"column":2},"end":{"line":59,"column":5}},"16":{"start":{"line":49,"column":15},"end":{"line":49,"column":16}},"17":{"start":{"line":50,"column":14},"end":{"line":50,"column":65}},"18":{"start":{"line":51,"column":4},"end":{"line":58,"column":5}},"19":{"start":{"line":52,"column":6},"end":{"line":57,"column":9}},"20":{"start":{"line":53,"column":8},"end":{"line":53,"column":15}},"21":{"start":{"line":54,"column":8},"end":{"line":56,"column":9}},"22":{"start":{"line":55,"column":10},"end":{"line":55,"column":20}},"23":{"start":{"line":63,"column":2},"end":{"line":63,"column":18}},"24":{"start":{"line":64,"column":2},"end":{"line":64,"column":24}}},"fnMap":{"0":{"name":"connect","decl":{"start":{"line":12,"column":9},"end":{"line":12,"column":16}},"loc":{"start":{"line":12,"column":20},"end":{"line":45,"column":1}},"line":12},"1":{"name":"(anonymous_1)","decl":{"start":{"line":13,"column":21},"end":{"line":13,"column":22}},"loc":{"start":{"line":13,"column":42},"end":{"line":44,"column":3}},"line":13},"2":{"name":"(anonymous_2)","decl":{"start":{"line":34,"column":19},"end":{"line":34,"column":20}},"loc":{"start":{"line":34,"column":26},"end":{"line":43,"column":7}},"line":34},"3":{"name":"clearDatabase","decl":{"start":{"line":47,"column":9},"end":{"line":47,"column":22}},"loc":{"start":{"line":47,"column":26},"end":{"line":60,"column":1}},"line":47},"4":{"name":"(anonymous_4)","decl":{"start":{"line":48,"column":21},"end":{"line":48,"column":22}},"loc":{"start":{"line":48,"column":32},"end":{"line":59,"column":3}},"line":48},"5":{"name":"(anonymous_5)","decl":{"start":{"line":52,"column":52},"end":{"line":52,"column":53}},"loc":{"start":{"line":52,"column":64},"end":{"line":57,"column":7}},"line":52},"6":{"name":"setUpTest","decl":{"start":{"line":62,"column":22},"end":{"line":62,"column":31}},"loc":{"start":{"line":62,"column":35},"end":{"line":65,"column":1}},"line":62}},"branchMap":{"0":{"loc":{"start":{"line":14,"column":4},"end":{"line":16,"column":5}},"type":"if","locations":[{"start":{"line":14,"column":4},"end":{"line":16,"column":5}},{"start":{"line":14,"column":4},"end":{"line":16,"column":5}}],"line":14},"1":{"loc":{"start":{"line":35,"column":8},"end":{"line":39,"column":9}},"type":"if","locations":[{"start":{"line":35,"column":8},"end":{"line":39,"column":9}},{"start":{"line":35,"column":8},"end":{"line":39,"column":9}}],"line":35},"2":{"loc":{"start":{"line":54,"column":8},"end":{"line":56,"column":9}},"type":"if","locations":[{"start":{"line":54,"column":8},"end":{"line":56,"column":9}},{"start":{"line":54,"column":8},"end":{"line":56,"column":9}}],"line":54}},"s":{"0":2,"1":2,"2":2,"3":0,"4":2,"5":2,"6":2,"7":2,"8":2,"9":2,"10":0,"11":0,"12":0,"13":0,"14":0,"15":2,"16":2,"17":2,"18":2,"19":6,"20":6,"21":6,"22":2,"23":2,"24":2},"f":{"0":2,"1":2,"2":0,"3":2,"4":2,"5":6,"6":2},"b":{"0":[0,2],"1":[0,0],"2":[2,4]},"_coverageSchema":"1a1c01bbd47fc00a2c39e90264f33305004495a9","hash":"7c1b0032d799ea0da789ca69bd4c5351d9101080"}
,"/Users/TotalSlim/hacktiv/phase-3/FinalProject/ketuker/server/tests/utils/graphqlTestCall.js": {"path":"/Users/TotalSlim/hacktiv/phase-3/FinalProject/ketuker/server/tests/utils/graphqlTestCall.js","statementMap":{"0":{"start":{"line":5,"column":15},"end":{"line":5,"column":60}},"1":{"start":{"line":7,"column":31},"end":{"line":23,"column":1}},"2":{"start":{"line":8,"column":2},"end":{"line":22,"column":4}}},"fnMap":{"0":{"name":"(anonymous_0)","decl":{"start":{"line":7,"column":31},"end":{"line":7,"column":32}},"loc":{"start":{"line":7,"column":76},"end":{"line":23,"column":1}},"line":7},"1":{"name":"(anonymous_1)","decl":{"start":{"line":18,"column":21},"end":{"line":18,"column":22}},"loc":{"start":{"line":18,"column":27},"end":{"line":18,"column":29}},"line":18}},"branchMap":{"0":{"loc":{"start":{"line":7,"column":45},"end":{"line":7,"column":59}},"type":"default-arg","locations":[{"start":{"line":7,"column":55},"end":{"line":7,"column":59}}],"line":7},"1":{"loc":{"start":{"line":7,"column":61},"end":{"line":7,"column":71}},"type":"default-arg","locations":[{"start":{"line":7,"column":67},"end":{"line":7,"column":71}}],"line":7}},"s":{"0":2,"1":2,"2":26},"f":{"0":26,"1":0},"b":{"0":[0],"1":[18]},"_coverageSchema":"1a1c01bbd47fc00a2c39e90264f33305004495a9","hash":"d2115a63f6aad23c7d5c7c5c78fc24fd8be05c23"}
}
