TN:
SF:src/models/Product.js
FNF:0
FNH:0
DA:3,2
DA:37,2
LF:2
LH:2
BRF:0
BRH:0
end_of_record
TN:
SF:src/models/Transaction.js
FNF:0
FNH:0
DA:3,2
DA:26,2
LF:2
LH:2
BRF:0
BRH:0
end_of_record
TN:
SF:src/models/User.js
FN:38,(anonymous_0)
FNF:1
FNH:1
FNDA:2,(anonymous_0)
DA:4,2
DA:38,2
DA:39,2
DA:40,2
DA:41,2
DA:42,2
DA:45,2
LF:7
LH:7
BRF:0
BRH:0
end_of_record
TN:
SF:src/schemas/index.js
FN:141,(anonymous_0)
FN:151,(anonymous_1)
FN:154,(anonymous_2)
FN:169,(anonymous_3)
FN:179,(anonymous_4)
FN:183,(anonymous_5)
FN:203,(anonymous_6)
FN:208,(anonymous_7)
FN:224,(anonymous_8)
FN:229,(anonymous_9)
FN:251,(anonymous_10)
FN:261,(anonymous_11)
FN:271,(anonymous_12)
FN:281,(anonymous_13)
FN:299,(anonymous_14)
FN:302,(anonymous_15)
FN:316,(anonymous_16)
FN:338,(anonymous_17)
FN:365,(anonymous_18)
FN:400,(anonymous_19)
FN:426,(anonymous_20)
FN:438,(anonymous_21)
FN:455,(anonymous_22)
FN:467,(anonymous_23)
FN:494,(anonymous_24)
FN:510,(anonymous_25)
FNF:26
FNH:23
FNDA:1,(anonymous_0)
FNDA:2,(anonymous_1)
FNDA:110,(anonymous_2)
FNDA:1,(anonymous_3)
FNDA:1,(anonymous_4)
FNDA:23,(anonymous_5)
FNDA:1,(anonymous_6)
FNDA:23,(anonymous_7)
FNDA:1,(anonymous_8)
FNDA:23,(anonymous_9)
FNDA:1,(anonymous_10)
FNDA:1,(anonymous_11)
FNDA:1,(anonymous_12)
FNDA:0,(anonymous_13)
FNDA:0,(anonymous_14)
FNDA:0,(anonymous_15)
FNDA:2,(anonymous_16)
FNDA:3,(anonymous_17)
FNDA:2,(anonymous_18)
FNDA:2,(anonymous_19)
FNDA:23,(anonymous_20)
FNDA:2,(anonymous_21)
FNDA:23,(anonymous_22)
FNDA:1,(anonymous_23)
FNDA:1,(anonymous_24)
FNDA:1,(anonymous_25)
DA:13,2
DA:139,2
DA:142,1
DA:143,1
DA:144,1
DA:146,0
DA:147,0
DA:148,0
DA:152,2
DA:153,2
DA:154,110
DA:155,2
DA:156,1
DA:157,1
DA:159,1
DA:160,0
DA:161,0
DA:162,0
DA:165,1
DA:170,1
DA:171,1
DA:172,1
DA:174,0
DA:175,0
DA:176,0
DA:180,1
DA:181,1
DA:182,1
DA:183,23
DA:184,1
DA:186,0
DA:187,0
DA:188,0
DA:189,0
DA:192,0
DA:193,0
DA:194,0
DA:195,0
DA:198,0
DA:199,0
DA:204,1
DA:205,1
DA:207,1
DA:208,23
DA:209,1
DA:211,0
DA:212,0
DA:213,0
DA:215,0
DA:217,0
DA:218,0
DA:220,0
DA:225,1
DA:226,1
DA:227,1
DA:228,1
DA:229,23
DA:230,1
DA:231,1
DA:234,0
DA:235,0
DA:237,0
DA:238,0
DA:239,0
DA:241,0
DA:242,0
DA:243,0
DA:247,0
DA:252,1
DA:253,1
DA:254,1
DA:256,0
DA:257,0
DA:262,1
DA:263,1
DA:264,1
DA:266,0
DA:267,0
DA:272,1
DA:273,1
DA:274,1
DA:276,0
DA:277,0
DA:283,0
DA:284,0
DA:285,0
DA:287,0
DA:289,0
DA:291,0
DA:295,0
DA:300,0
DA:301,0
DA:302,0
DA:303,0
DA:304,0
DA:305,0
DA:306,0
DA:308,0
DA:312,0
DA:317,2
DA:318,2
DA:319,2
DA:320,0
DA:321,0
DA:323,0
DA:326,2
DA:327,2
DA:328,2
DA:329,2
DA:330,2
DA:331,2
DA:333,0
DA:335,2
DA:339,3
DA:340,3
DA:341,3
DA:342,2
DA:343,2
DA:344,1
DA:347,1
DA:348,1
DA:349,1
DA:361,1
DA:374,2
DA:375,2
DA:376,1
DA:377,1
DA:378,1
DA:387,1
DA:388,1
DA:389,1
DA:391,1
DA:392,1
DA:393,1
DA:395,0
DA:396,0
DA:398,1
DA:409,2
DA:411,2
DA:412,1
DA:413,1
DA:414,1
DA:415,1
DA:416,1
DA:417,1
DA:418,1
DA:419,1
DA:420,1
DA:421,1
DA:422,1
DA:424,1
DA:425,1
DA:426,23
DA:427,1
DA:428,1
DA:429,1
DA:431,0
DA:432,0
DA:434,1
DA:447,2
DA:448,1
DA:449,1
DA:450,1
DA:452,1
DA:454,1
DA:455,23
DA:456,1
DA:457,1
DA:459,0
DA:460,0
DA:462,1
DA:476,1
DA:477,1
DA:478,1
DA:479,1
DA:480,1
DA:481,1
DA:487,1
DA:488,1
DA:490,0
DA:491,0
DA:501,1
DA:502,1
DA:503,1
DA:504,1
DA:505,1
DA:507,1
DA:511,1
DA:512,1
DA:513,1
DA:514,1
DA:515,1
LF:192
LH:123
BRDA:143,0,0,1
BRDA:143,0,1,0
BRDA:155,1,0,1
BRDA:155,1,1,1
BRDA:171,2,0,1
BRDA:171,2,1,0
BRDA:182,3,0,1
BRDA:182,3,1,0
BRDA:184,4,0,1
BRDA:184,4,1,0
BRDA:207,5,0,1
BRDA:207,5,1,0
BRDA:209,6,0,1
BRDA:209,6,1,0
BRDA:212,7,0,0
BRDA:212,7,1,0
BRDA:226,8,0,1
BRDA:226,8,1,0
BRDA:228,9,0,1
BRDA:228,9,1,0
BRDA:230,10,0,1
BRDA:230,10,1,0
BRDA:238,11,0,0
BRDA:238,11,1,0
BRDA:319,12,0,0
BRDA:319,12,1,2
BRDA:320,13,0,0
BRDA:320,13,1,0
BRDA:329,14,0,2
BRDA:329,14,1,0
BRDA:341,15,0,2
BRDA:341,15,1,1
BRDA:343,16,0,1
BRDA:343,16,1,1
BRDA:377,17,0,0
BRDA:377,17,1,1
BRDA:391,18,0,1
BRDA:391,18,1,0
BRDA:413,19,0,0
BRDA:413,19,1,1
BRDA:414,20,0,0
BRDA:414,20,1,1
BRDA:427,21,0,1
BRDA:427,21,1,0
BRDA:449,22,0,0
BRDA:449,22,1,1
BRDA:450,23,0,0
BRDA:450,23,1,1
BRDA:456,24,0,1
BRDA:456,24,1,0
BRDA:480,25,0,0
BRDA:480,25,1,1
BRDA:503,26,0,0
BRDA:503,26,1,1
BRDA:513,27,0,0
BRDA:513,27,1,1
BRF:56
BRH:28
end_of_record
TN:
SF:src/utilities/authenticagtion.js
FN:4,(anonymous_0)
FN:8,(anonymous_1)
FN:15,(anonymous_2)
FNF:3
FNH:3
FNDA:9,(anonymous_0)
FNDA:8,(anonymous_1)
FNDA:2,(anonymous_2)
DA:4,2
DA:5,9
DA:6,8
DA:8,8
DA:9,8
DA:10,6
DA:12,6
DA:15,2
DA:16,2
DA:17,2
DA:18,2
DA:19,2
DA:20,2
LF:13
LH:13
BRDA:5,0,0,1
BRDA:5,0,1,8
BRDA:9,1,0,2
BRDA:9,1,1,6
BRDA:16,2,0,0
BRDA:16,2,1,2
BRDA:17,3,0,0
BRDA:17,3,1,2
BRDA:19,4,0,0
BRDA:19,4,1,2
BRF:10
BRH:7
end_of_record
TN:
SF:src/utilities/nodemailer.js
FN:3,(anonymous_0)
FNF:1
FNH:0
FNDA:0,(anonymous_0)
DA:3,2
DA:4,0
DA:17,0
DA:24,0
DA:25,0
LF:5
LH:1
BRF:0
BRH:0
end_of_record
TN:
SF:src/utilities/redis.js
FNF:0
FNH:0
DA:3,2
LF:1
LH:1
BRF:0
BRH:0
end_of_record
TN:
SF:src/utilities/scraping.js
FN:2,getTokoPedia
FN:15,(anonymous_1)
FN:21,(anonymous_2)
FNF:3
FNH:0
FNDA:0,getTokoPedia
FNDA:0,(anonymous_1)
FNDA:0,(anonymous_2)
DA:1,2
DA:3,0
DA:4,0
DA:5,0
DA:7,0
DA:9,0
DA:10,0
DA:15,0
DA:16,0
DA:20,0
DA:21,0
DA:22,0
DA:23,0
DA:24,0
DA:25,0
DA:32,0
DA:36,0
DA:37,0
LF:18
LH:1
BRDA:24,0,0,0
BRDA:24,0,1,0
BRDA:24,1,0,0
BRDA:24,1,1,0
BRF:4
BRH:0
end_of_record
TN:
SF:tests/helper/helper.js
FN:12,connect
FN:13,(anonymous_1)
FN:34,(anonymous_2)
FN:47,clearDatabase
FN:48,(anonymous_4)
FN:52,(anonymous_5)
FN:62,setUpTest
FNF:7
FNH:6
FNDA:2,connect
FNDA:2,(anonymous_1)
FNDA:0,(anonymous_2)
FNDA:2,clearDatabase
FNDA:2,(anonymous_4)
FNDA:6,(anonymous_5)
FNDA:2,setUpTest
DA:5,2
DA:13,2
DA:14,2
DA:15,0
DA:18,2
DA:20,2
DA:22,2
DA:28,2
DA:30,2
DA:32,2
DA:35,0
DA:36,0
DA:38,0
DA:41,0
DA:42,0
DA:48,2
DA:49,2
DA:50,2
DA:51,2
DA:52,6
DA:53,6
DA:54,6
DA:55,2
DA:63,2
DA:64,2
LF:25
LH:19
BRDA:14,0,0,0
BRDA:14,0,1,2
BRDA:35,1,0,0
BRDA:35,1,1,0
BRDA:54,2,0,2
BRDA:54,2,1,4
BRF:6
BRH:3
end_of_record
TN:
SF:tests/utils/graphqlTestCall.js
FN:7,(anonymous_0)
FN:18,(anonymous_1)
FNF:2
FNH:1
FNDA:26,(anonymous_0)
FNDA:0,(anonymous_1)
DA:5,2
DA:7,2
DA:8,26
LF:3
LH:3
BRDA:7,0,0,0
BRDA:7,1,0,18
BRF:2
BRH:1
end_of_record
